<?xml version="1.0" encoding="UTF-8"?>
<testsuite xmlns:xsi="http://www.w3.org/2001/XMLSchema-instance" xsi:noNamespaceSchemaLocation="https://maven.apache.org/surefire/maven-surefire-plugin/xsd/surefire-test-report.xsd" name="TestSuite" time="189.912" tests="14" errors="0" skipped="0" failures="1">
  <properties>
    <property name="gopherProxySet" value="false"/>
    <property name="awt.toolkit" value="sun.lwawt.macosx.LWCToolkit"/>
    <property name="java.specification.version" value="11"/>
    <property name="sun.cpu.isalist" value=""/>
    <property name="sun.jnu.encoding" value="UTF-8"/>
    <property name="java.class.path" value="/Users/ekaterinakislicenko/Diplom/Diplom_3/target/test-classes:/Users/ekaterinakislicenko/Diplom/Diplom_3/target/classes:/Users/ekaterinakislicenko/.m2/repository/org/seleniumhq/selenium/selenium-java/4.11.0/selenium-java-4.11.0.jar:/Users/ekaterinakislicenko/.m2/repository/org/seleniumhq/selenium/selenium-api/4.11.0/selenium-api-4.11.0.jar:/Users/ekaterinakislicenko/.m2/repository/org/seleniumhq/selenium/selenium-chrome-driver/4.11.0/selenium-chrome-driver-4.11.0.jar:/Users/ekaterinakislicenko/.m2/repository/com/google/guava/guava/31.1-jre/guava-31.1-jre.jar:/Users/ekaterinakislicenko/.m2/repository/com/google/guava/failureaccess/1.0.1/failureaccess-1.0.1.jar:/Users/ekaterinakislicenko/.m2/repository/com/google/guava/listenablefuture/9999.0-empty-to-avoid-conflict-with-guava/listenablefuture-9999.0-empty-to-avoid-conflict-with-guava.jar:/Users/ekaterinakislicenko/.m2/repository/com/google/code/findbugs/jsr305/3.0.2/jsr305-3.0.2.jar:/Users/ekaterinakislicenko/.m2/repository/org/checkerframework/checker-qual/3.12.0/checker-qual-3.12.0.jar:/Users/ekaterinakislicenko/.m2/repository/com/google/errorprone/error_prone_annotations/2.11.0/error_prone_annotations-2.11.0.jar:/Users/ekaterinakislicenko/.m2/repository/com/google/j2objc/j2objc-annotations/1.3/j2objc-annotations-1.3.jar:/Users/ekaterinakislicenko/.m2/repository/org/seleniumhq/selenium/selenium-chromium-driver/4.11.0/selenium-chromium-driver-4.11.0.jar:/Users/ekaterinakislicenko/.m2/repository/org/seleniumhq/selenium/selenium-json/4.11.0/selenium-json-4.11.0.jar:/Users/ekaterinakislicenko/.m2/repository/org/seleniumhq/selenium/selenium-manager/4.11.0/selenium-manager-4.11.0.jar:/Users/ekaterinakislicenko/.m2/repository/org/seleniumhq/selenium/selenium-devtools-v113/4.11.0/selenium-devtools-v113-4.11.0.jar:/Users/ekaterinakislicenko/.m2/repository/org/seleniumhq/selenium/selenium-devtools-v114/4.11.0/selenium-devtools-v114-4.11.0.jar:/Users/ekaterinakislicenko/.m2/repository/org/seleniumhq/selenium/selenium-devtools-v115/4.11.0/selenium-devtools-v115-4.11.0.jar:/Users/ekaterinakislicenko/.m2/repository/org/seleniumhq/selenium/selenium-devtools-v85/4.11.0/selenium-devtools-v85-4.11.0.jar:/Users/ekaterinakislicenko/.m2/repository/org/seleniumhq/selenium/selenium-edge-driver/4.11.0/selenium-edge-driver-4.11.0.jar:/Users/ekaterinakislicenko/.m2/repository/org/seleniumhq/selenium/selenium-firefox-driver/4.11.0/selenium-firefox-driver-4.11.0.jar:/Users/ekaterinakislicenko/.m2/repository/org/seleniumhq/selenium/selenium-ie-driver/4.11.0/selenium-ie-driver-4.11.0.jar:/Users/ekaterinakislicenko/.m2/repository/org/seleniumhq/selenium/selenium-remote-driver/4.11.0/selenium-remote-driver-4.11.0.jar:/Users/ekaterinakislicenko/.m2/repository/io/netty/netty-buffer/4.1.92.Final/netty-buffer-4.1.92.Final.jar:/Users/ekaterinakislicenko/.m2/repository/io/netty/netty-codec-http/4.1.92.Final/netty-codec-http-4.1.92.Final.jar:/Users/ekaterinakislicenko/.m2/repository/io/netty/netty-codec/4.1.92.Final/netty-codec-4.1.92.Final.jar:/Users/ekaterinakislicenko/.m2/repository/io/netty/netty-handler/4.1.92.Final/netty-handler-4.1.92.Final.jar:/Users/ekaterinakislicenko/.m2/repository/io/netty/netty-common/4.1.92.Final/netty-common-4.1.92.Final.jar:/Users/ekaterinakislicenko/.m2/repository/io/netty/netty-transport-classes-epoll/4.1.92.Final/netty-transport-classes-epoll-4.1.92.Final.jar:/Users/ekaterinakislicenko/.m2/repository/io/netty/netty-transport-classes-kqueue/4.1.92.Final/netty-transport-classes-kqueue-4.1.92.Final.jar:/Users/ekaterinakislicenko/.m2/repository/io/netty/netty-transport-native-epoll/4.1.92.Final/netty-transport-native-epoll-4.1.92.Final.jar:/Users/ekaterinakislicenko/.m2/repository/io/netty/netty-transport-native-kqueue/4.1.92.Final/netty-transport-native-kqueue-4.1.92.Final.jar:/Users/ekaterinakislicenko/.m2/repository/io/netty/netty-transport-native-unix-common/4.1.92.Final/netty-transport-native-unix-common-4.1.92.Final.jar:/Users/ekaterinakislicenko/.m2/repository/io/netty/netty-transport/4.1.92.Final/netty-transport-4.1.92.Final.jar:/Users/ekaterinakislicenko/.m2/repository/io/netty/netty-resolver/4.1.92.Final/netty-resolver-4.1.92.Final.jar:/Users/ekaterinakislicenko/.m2/repository/io/opentelemetry/opentelemetry-api/1.26.0/opentelemetry-api-1.26.0.jar:/Users/ekaterinakislicenko/.m2/repository/io/opentelemetry/opentelemetry-context/1.26.0/opentelemetry-context-1.26.0.jar:/Users/ekaterinakislicenko/.m2/repository/io/opentelemetry/opentelemetry-exporter-logging/1.26.0/opentelemetry-exporter-logging-1.26.0.jar:/Users/ekaterinakislicenko/.m2/repository/io/opentelemetry/opentelemetry-sdk-metrics/1.26.0/opentelemetry-sdk-metrics-1.26.0.jar:/Users/ekaterinakislicenko/.m2/repository/io/opentelemetry/opentelemetry-extension-incubator/1.26.0-alpha/opentelemetry-extension-incubator-1.26.0-alpha.jar:/Users/ekaterinakislicenko/.m2/repository/io/opentelemetry/opentelemetry-sdk-logs/1.26.0-alpha/opentelemetry-sdk-logs-1.26.0-alpha.jar:/Users/ekaterinakislicenko/.m2/repository/io/opentelemetry/opentelemetry-api-logs/1.26.0-alpha/opentelemetry-api-logs-1.26.0-alpha.jar:/Users/ekaterinakislicenko/.m2/repository/io/opentelemetry/opentelemetry-api-events/1.26.0-alpha/opentelemetry-api-events-1.26.0-alpha.jar:/Users/ekaterinakislicenko/.m2/repository/io/opentelemetry/opentelemetry-sdk-common/1.26.0/opentelemetry-sdk-common-1.26.0.jar:/Users/ekaterinakislicenko/.m2/repository/io/opentelemetry/opentelemetry-sdk-extension-autoconfigure-spi/1.26.0/opentelemetry-sdk-extension-autoconfigure-spi-1.26.0.jar:/Users/ekaterinakislicenko/.m2/repository/io/opentelemetry/opentelemetry-sdk-extension-autoconfigure/1.26.0-alpha/opentelemetry-sdk-extension-autoconfigure-1.26.0-alpha.jar:/Users/ekaterinakislicenko/.m2/repository/io/opentelemetry/opentelemetry-sdk-trace/1.26.0/opentelemetry-sdk-trace-1.26.0.jar:/Users/ekaterinakislicenko/.m2/repository/io/opentelemetry/opentelemetry-sdk/1.26.0/opentelemetry-sdk-1.26.0.jar:/Users/ekaterinakislicenko/.m2/repository/io/opentelemetry/opentelemetry-semconv/1.26.0-alpha/opentelemetry-semconv-1.26.0-alpha.jar:/Users/ekaterinakislicenko/.m2/repository/net/bytebuddy/byte-buddy/1.14.4/byte-buddy-1.14.4.jar:/Users/ekaterinakislicenko/.m2/repository/org/apache/commons/commons-exec/1.3/commons-exec-1.3.jar:/Users/ekaterinakislicenko/.m2/repository/org/asynchttpclient/async-http-client/2.12.3/async-http-client-2.12.3.jar:/Users/ekaterinakislicenko/.m2/repository/org/asynchttpclient/async-http-client-netty-utils/2.12.3/async-http-client-netty-utils-2.12.3.jar:/Users/ekaterinakislicenko/.m2/repository/io/netty/netty-codec-socks/4.1.60.Final/netty-codec-socks-4.1.60.Final.jar:/Users/ekaterinakislicenko/.m2/repository/io/netty/netty-handler-proxy/4.1.60.Final/netty-handler-proxy-4.1.60.Final.jar:/Users/ekaterinakislicenko/.m2/repository/io/netty/netty-transport-native-epoll/4.1.60.Final/netty-transport-native-epoll-4.1.60.Final-linux-x86_64.jar:/Users/ekaterinakislicenko/.m2/repository/io/netty/netty-transport-native-kqueue/4.1.60.Final/netty-transport-native-kqueue-4.1.60.Final-osx-x86_64.jar:/Users/ekaterinakislicenko/.m2/repository/org/reactivestreams/reactive-streams/1.0.3/reactive-streams-1.0.3.jar:/Users/ekaterinakislicenko/.m2/repository/com/typesafe/netty/netty-reactive-streams/2.0.4/netty-reactive-streams-2.0.4.jar:/Users/ekaterinakislicenko/.m2/repository/com/sun/activation/jakarta.activation/1.2.2/jakarta.activation-1.2.2.jar:/Users/ekaterinakislicenko/.m2/repository/org/seleniumhq/selenium/selenium-safari-driver/4.11.0/selenium-safari-driver-4.11.0.jar:/Users/ekaterinakislicenko/.m2/repository/org/seleniumhq/selenium/selenium-support/4.11.0/selenium-support-4.11.0.jar:/Users/ekaterinakislicenko/.m2/repository/org/seleniumhq/selenium/selenium-http-jdk-client/4.11.0/selenium-http-jdk-client-4.11.0.jar:/Users/ekaterinakislicenko/.m2/repository/com/google/auto/service/auto-service-annotations/1.0.1/auto-service-annotations-1.0.1.jar:/Users/ekaterinakislicenko/.m2/repository/org/seleniumhq/selenium/selenium-http/4.11.0/selenium-http-4.11.0.jar:/Users/ekaterinakislicenko/.m2/repository/dev/failsafe/failsafe/3.3.1/failsafe-3.3.1.jar:/Users/ekaterinakislicenko/.m2/repository/io/github/bonigarcia/webdrivermanager/5.4.1/webdrivermanager-5.4.1.jar:/Users/ekaterinakislicenko/.m2/repository/org/slf4j/slf4j-api/2.0.7/slf4j-api-2.0.7.jar:/Users/ekaterinakislicenko/.m2/repository/com/google/code/gson/gson/2.10.1/gson-2.10.1.jar:/Users/ekaterinakislicenko/.m2/repository/com/github/docker-java/docker-java/3.3.2/docker-java-3.3.2.jar:/Users/ekaterinakislicenko/.m2/repository/com/github/docker-java/docker-java-core/3.3.2/docker-java-core-3.3.2.jar:/Users/ekaterinakislicenko/.m2/repository/com/github/docker-java/docker-java-api/3.3.2/docker-java-api-3.3.2.jar:/Users/ekaterinakislicenko/.m2/repository/com/fasterxml/jackson/core/jackson-annotations/2.10.3/jackson-annotations-2.10.3.jar:/Users/ekaterinakislicenko/.m2/repository/commons-io/commons-io/2.6/commons-io-2.6.jar:/Users/ekaterinakislicenko/.m2/repository/org/apache/commons/commons-compress/1.21/commons-compress-1.21.jar:/Users/ekaterinakislicenko/.m2/repository/com/fasterxml/jackson/core/jackson-databind/2.10.3/jackson-databind-2.10.3.jar:/Users/ekaterinakislicenko/.m2/repository/com/fasterxml/jackson/core/jackson-core/2.10.3/jackson-core-2.10.3.jar:/Users/ekaterinakislicenko/.m2/repository/org/bouncycastle/bcpkix-jdk15on/1.64/bcpkix-jdk15on-1.64.jar:/Users/ekaterinakislicenko/.m2/repository/org/bouncycastle/bcprov-jdk15on/1.64/bcprov-jdk15on-1.64.jar:/Users/ekaterinakislicenko/.m2/repository/org/slf4j/jcl-over-slf4j/1.7.30/jcl-over-slf4j-1.7.30.jar:/Users/ekaterinakislicenko/.m2/repository/com/github/docker-java/docker-java-transport-httpclient5/3.3.2/docker-java-transport-httpclient5-3.3.2.jar:/Users/ekaterinakislicenko/.m2/repository/com/github/docker-java/docker-java-transport/3.3.2/docker-java-transport-3.3.2.jar:/Users/ekaterinakislicenko/.m2/repository/net/java/dev/jna/jna/5.12.1/jna-5.12.1.jar:/Users/ekaterinakislicenko/.m2/repository/org/brotli/dec/0.1.2/dec-0.1.2.jar:/Users/ekaterinakislicenko/.m2/repository/org/apache/commons/commons-lang3/3.12.0/commons-lang3-3.12.0.jar:/Users/ekaterinakislicenko/.m2/repository/org/apache/httpcomponents/client5/httpclient5/5.2.1/httpclient5-5.2.1.jar:/Users/ekaterinakislicenko/.m2/repository/org/apache/httpcomponents/core5/httpcore5/5.2/httpcore5-5.2.jar:/Users/ekaterinakislicenko/.m2/repository/org/apache/httpcomponents/core5/httpcore5-h2/5.2/httpcore5-h2-5.2.jar:/Users/ekaterinakislicenko/.m2/repository/junit/junit/4.13.2/junit-4.13.2.jar:/Users/ekaterinakislicenko/.m2/repository/org/hamcrest/hamcrest-core/1.3/hamcrest-core-1.3.jar:/Users/ekaterinakislicenko/.m2/repository/io/qameta/allure/allure-junit4/2.24.0/allure-junit4-2.24.0.jar:/Users/ekaterinakislicenko/.m2/repository/io/qameta/allure/allure-java-commons/2.24.0/allure-java-commons-2.24.0.jar:/Users/ekaterinakislicenko/.m2/repository/io/qameta/allure/allure-model/2.24.0/allure-model-2.24.0.jar:/Users/ekaterinakislicenko/.m2/repository/io/qameta/allure/allure-test-filter/2.24.0/allure-test-filter-2.24.0.jar:/Users/ekaterinakislicenko/.m2/repository/io/rest-assured/rest-assured/5.3.0/rest-assured-5.3.0.jar:/Users/ekaterinakislicenko/.m2/repository/org/apache/groovy/groovy/4.0.6/groovy-4.0.6.jar:/Users/ekaterinakislicenko/.m2/repository/org/apache/groovy/groovy-xml/4.0.6/groovy-xml-4.0.6.jar:/Users/ekaterinakislicenko/.m2/repository/org/apache/httpcomponents/httpclient/4.5.13/httpclient-4.5.13.jar:/Users/ekaterinakislicenko/.m2/repository/org/apache/httpcomponents/httpcore/4.4.13/httpcore-4.4.13.jar:/Users/ekaterinakislicenko/.m2/repository/commons-logging/commons-logging/1.2/commons-logging-1.2.jar:/Users/ekaterinakislicenko/.m2/repository/commons-codec/commons-codec/1.11/commons-codec-1.11.jar:/Users/ekaterinakislicenko/.m2/repository/org/apache/httpcomponents/httpmime/4.5.13/httpmime-4.5.13.jar:/Users/ekaterinakislicenko/.m2/repository/org/hamcrest/hamcrest/2.1/hamcrest-2.1.jar:/Users/ekaterinakislicenko/.m2/repository/org/ccil/cowan/tagsoup/tagsoup/1.2.1/tagsoup-1.2.1.jar:/Users/ekaterinakislicenko/.m2/repository/io/rest-assured/json-path/5.3.0/json-path-5.3.0.jar:/Users/ekaterinakislicenko/.m2/repository/org/apache/groovy/groovy-json/4.0.6/groovy-json-4.0.6.jar:/Users/ekaterinakislicenko/.m2/repository/io/rest-assured/rest-assured-common/5.3.0/rest-assured-common-5.3.0.jar:/Users/ekaterinakislicenko/.m2/repository/io/rest-assured/xml-path/5.3.0/xml-path-5.3.0.jar:/Users/ekaterinakislicenko/.m2/repository/com/github/javafaker/javafaker/1.0.2/javafaker-1.0.2.jar:/Users/ekaterinakislicenko/.m2/repository/org/yaml/snakeyaml/1.23/snakeyaml-1.23-android.jar:/Users/ekaterinakislicenko/.m2/repository/com/github/mifmif/generex/1.0.2/generex-1.0.2.jar:/Users/ekaterinakislicenko/.m2/repository/dk/brics/automaton/automaton/1.11-8/automaton-1.11-8.jar:/Users/ekaterinakislicenko/.m2/repository/org/projectlombok/lombok/1.18.26/lombok-1.18.26.jar:/Users/ekaterinakislicenko/.m2/repository/org/testng/testng/7.8.0/testng-7.8.0.jar:/Users/ekaterinakislicenko/.m2/repository/com/beust/jcommander/1.82/jcommander-1.82.jar:/Users/ekaterinakislicenko/.m2/repository/org/webjars/jquery/3.6.1/jquery-3.6.1.jar:"/>
    <property name="java.vm.vendor" value="Amazon.com Inc."/>
    <property name="sun.arch.data.model" value="64"/>
    <property name="java.vendor.url" value="https://aws.amazon.com/corretto/"/>
    <property name="user.timezone" value=""/>
    <property name="java.vm.specification.version" value="11"/>
    <property name="os.name" value="Mac OS X"/>
    <property name="sun.java.launcher" value="SUN_STANDARD"/>
    <property name="user.country" value="GB"/>
    <property name="sun.boot.library.path" value="/Library/Java/JavaVirtualMachines/amazon-corretto-11.jdk/Contents/Home/lib"/>
    <property name="sun.java.command" value="/Users/ekaterinakislicenko/Diplom/Diplom_3/target/surefire/surefirebooter1881912066157663338.jar /Users/ekaterinakislicenko/Diplom/Diplom_3/target/surefire 2023-11-06T21-19-04_202-jvmRun1 surefire2182934234630703818tmp surefire_013849746523273891704tmp"/>
    <property name="http.nonProxyHosts" value="local|*.local|169.254/16|*.169.254/16"/>
    <property name="jdk.debug" value="release"/>
    <property name="surefire.test.class.path" value="/Users/ekaterinakislicenko/Diplom/Diplom_3/target/test-classes:/Users/ekaterinakislicenko/Diplom/Diplom_3/target/classes:/Users/ekaterinakislicenko/.m2/repository/org/seleniumhq/selenium/selenium-java/4.11.0/selenium-java-4.11.0.jar:/Users/ekaterinakislicenko/.m2/repository/org/seleniumhq/selenium/selenium-api/4.11.0/selenium-api-4.11.0.jar:/Users/ekaterinakislicenko/.m2/repository/org/seleniumhq/selenium/selenium-chrome-driver/4.11.0/selenium-chrome-driver-4.11.0.jar:/Users/ekaterinakislicenko/.m2/repository/com/google/guava/guava/31.1-jre/guava-31.1-jre.jar:/Users/ekaterinakislicenko/.m2/repository/com/google/guava/failureaccess/1.0.1/failureaccess-1.0.1.jar:/Users/ekaterinakislicenko/.m2/repository/com/google/guava/listenablefuture/9999.0-empty-to-avoid-conflict-with-guava/listenablefuture-9999.0-empty-to-avoid-conflict-with-guava.jar:/Users/ekaterinakislicenko/.m2/repository/com/google/code/findbugs/jsr305/3.0.2/jsr305-3.0.2.jar:/Users/ekaterinakislicenko/.m2/repository/org/checkerframework/checker-qual/3.12.0/checker-qual-3.12.0.jar:/Users/ekaterinakislicenko/.m2/repository/com/google/errorprone/error_prone_annotations/2.11.0/error_prone_annotations-2.11.0.jar:/Users/ekaterinakislicenko/.m2/repository/com/google/j2objc/j2objc-annotations/1.3/j2objc-annotations-1.3.jar:/Users/ekaterinakislicenko/.m2/repository/org/seleniumhq/selenium/selenium-chromium-driver/4.11.0/selenium-chromium-driver-4.11.0.jar:/Users/ekaterinakislicenko/.m2/repository/org/seleniumhq/selenium/selenium-json/4.11.0/selenium-json-4.11.0.jar:/Users/ekaterinakislicenko/.m2/repository/org/seleniumhq/selenium/selenium-manager/4.11.0/selenium-manager-4.11.0.jar:/Users/ekaterinakislicenko/.m2/repository/org/seleniumhq/selenium/selenium-devtools-v113/4.11.0/selenium-devtools-v113-4.11.0.jar:/Users/ekaterinakislicenko/.m2/repository/org/seleniumhq/selenium/selenium-devtools-v114/4.11.0/selenium-devtools-v114-4.11.0.jar:/Users/ekaterinakislicenko/.m2/repository/org/seleniumhq/selenium/selenium-devtools-v115/4.11.0/selenium-devtools-v115-4.11.0.jar:/Users/ekaterinakislicenko/.m2/repository/org/seleniumhq/selenium/selenium-devtools-v85/4.11.0/selenium-devtools-v85-4.11.0.jar:/Users/ekaterinakislicenko/.m2/repository/org/seleniumhq/selenium/selenium-edge-driver/4.11.0/selenium-edge-driver-4.11.0.jar:/Users/ekaterinakislicenko/.m2/repository/org/seleniumhq/selenium/selenium-firefox-driver/4.11.0/selenium-firefox-driver-4.11.0.jar:/Users/ekaterinakislicenko/.m2/repository/org/seleniumhq/selenium/selenium-ie-driver/4.11.0/selenium-ie-driver-4.11.0.jar:/Users/ekaterinakislicenko/.m2/repository/org/seleniumhq/selenium/selenium-remote-driver/4.11.0/selenium-remote-driver-4.11.0.jar:/Users/ekaterinakislicenko/.m2/repository/io/netty/netty-buffer/4.1.92.Final/netty-buffer-4.1.92.Final.jar:/Users/ekaterinakislicenko/.m2/repository/io/netty/netty-codec-http/4.1.92.Final/netty-codec-http-4.1.92.Final.jar:/Users/ekaterinakislicenko/.m2/repository/io/netty/netty-codec/4.1.92.Final/netty-codec-4.1.92.Final.jar:/Users/ekaterinakislicenko/.m2/repository/io/netty/netty-handler/4.1.92.Final/netty-handler-4.1.92.Final.jar:/Users/ekaterinakislicenko/.m2/repository/io/netty/netty-common/4.1.92.Final/netty-common-4.1.92.Final.jar:/Users/ekaterinakislicenko/.m2/repository/io/netty/netty-transport-classes-epoll/4.1.92.Final/netty-transport-classes-epoll-4.1.92.Final.jar:/Users/ekaterinakislicenko/.m2/repository/io/netty/netty-transport-classes-kqueue/4.1.92.Final/netty-transport-classes-kqueue-4.1.92.Final.jar:/Users/ekaterinakislicenko/.m2/repository/io/netty/netty-transport-native-epoll/4.1.92.Final/netty-transport-native-epoll-4.1.92.Final.jar:/Users/ekaterinakislicenko/.m2/repository/io/netty/netty-transport-native-kqueue/4.1.92.Final/netty-transport-native-kqueue-4.1.92.Final.jar:/Users/ekaterinakislicenko/.m2/repository/io/netty/netty-transport-native-unix-common/4.1.92.Final/netty-transport-native-unix-common-4.1.92.Final.jar:/Users/ekaterinakislicenko/.m2/repository/io/netty/netty-transport/4.1.92.Final/netty-transport-4.1.92.Final.jar:/Users/ekaterinakislicenko/.m2/repository/io/netty/netty-resolver/4.1.92.Final/netty-resolver-4.1.92.Final.jar:/Users/ekaterinakislicenko/.m2/repository/io/opentelemetry/opentelemetry-api/1.26.0/opentelemetry-api-1.26.0.jar:/Users/ekaterinakislicenko/.m2/repository/io/opentelemetry/opentelemetry-context/1.26.0/opentelemetry-context-1.26.0.jar:/Users/ekaterinakislicenko/.m2/repository/io/opentelemetry/opentelemetry-exporter-logging/1.26.0/opentelemetry-exporter-logging-1.26.0.jar:/Users/ekaterinakislicenko/.m2/repository/io/opentelemetry/opentelemetry-sdk-metrics/1.26.0/opentelemetry-sdk-metrics-1.26.0.jar:/Users/ekaterinakislicenko/.m2/repository/io/opentelemetry/opentelemetry-extension-incubator/1.26.0-alpha/opentelemetry-extension-incubator-1.26.0-alpha.jar:/Users/ekaterinakislicenko/.m2/repository/io/opentelemetry/opentelemetry-sdk-logs/1.26.0-alpha/opentelemetry-sdk-logs-1.26.0-alpha.jar:/Users/ekaterinakislicenko/.m2/repository/io/opentelemetry/opentelemetry-api-logs/1.26.0-alpha/opentelemetry-api-logs-1.26.0-alpha.jar:/Users/ekaterinakislicenko/.m2/repository/io/opentelemetry/opentelemetry-api-events/1.26.0-alpha/opentelemetry-api-events-1.26.0-alpha.jar:/Users/ekaterinakislicenko/.m2/repository/io/opentelemetry/opentelemetry-sdk-common/1.26.0/opentelemetry-sdk-common-1.26.0.jar:/Users/ekaterinakislicenko/.m2/repository/io/opentelemetry/opentelemetry-sdk-extension-autoconfigure-spi/1.26.0/opentelemetry-sdk-extension-autoconfigure-spi-1.26.0.jar:/Users/ekaterinakislicenko/.m2/repository/io/opentelemetry/opentelemetry-sdk-extension-autoconfigure/1.26.0-alpha/opentelemetry-sdk-extension-autoconfigure-1.26.0-alpha.jar:/Users/ekaterinakislicenko/.m2/repository/io/opentelemetry/opentelemetry-sdk-trace/1.26.0/opentelemetry-sdk-trace-1.26.0.jar:/Users/ekaterinakislicenko/.m2/repository/io/opentelemetry/opentelemetry-sdk/1.26.0/opentelemetry-sdk-1.26.0.jar:/Users/ekaterinakislicenko/.m2/repository/io/opentelemetry/opentelemetry-semconv/1.26.0-alpha/opentelemetry-semconv-1.26.0-alpha.jar:/Users/ekaterinakislicenko/.m2/repository/net/bytebuddy/byte-buddy/1.14.4/byte-buddy-1.14.4.jar:/Users/ekaterinakislicenko/.m2/repository/org/apache/commons/commons-exec/1.3/commons-exec-1.3.jar:/Users/ekaterinakislicenko/.m2/repository/org/asynchttpclient/async-http-client/2.12.3/async-http-client-2.12.3.jar:/Users/ekaterinakislicenko/.m2/repository/org/asynchttpclient/async-http-client-netty-utils/2.12.3/async-http-client-netty-utils-2.12.3.jar:/Users/ekaterinakislicenko/.m2/repository/io/netty/netty-codec-socks/4.1.60.Final/netty-codec-socks-4.1.60.Final.jar:/Users/ekaterinakislicenko/.m2/repository/io/netty/netty-handler-proxy/4.1.60.Final/netty-handler-proxy-4.1.60.Final.jar:/Users/ekaterinakislicenko/.m2/repository/io/netty/netty-transport-native-epoll/4.1.60.Final/netty-transport-native-epoll-4.1.60.Final-linux-x86_64.jar:/Users/ekaterinakislicenko/.m2/repository/io/netty/netty-transport-native-kqueue/4.1.60.Final/netty-transport-native-kqueue-4.1.60.Final-osx-x86_64.jar:/Users/ekaterinakislicenko/.m2/repository/org/reactivestreams/reactive-streams/1.0.3/reactive-streams-1.0.3.jar:/Users/ekaterinakislicenko/.m2/repository/com/typesafe/netty/netty-reactive-streams/2.0.4/netty-reactive-streams-2.0.4.jar:/Users/ekaterinakislicenko/.m2/repository/com/sun/activation/jakarta.activation/1.2.2/jakarta.activation-1.2.2.jar:/Users/ekaterinakislicenko/.m2/repository/org/seleniumhq/selenium/selenium-safari-driver/4.11.0/selenium-safari-driver-4.11.0.jar:/Users/ekaterinakislicenko/.m2/repository/org/seleniumhq/selenium/selenium-support/4.11.0/selenium-support-4.11.0.jar:/Users/ekaterinakislicenko/.m2/repository/org/seleniumhq/selenium/selenium-http-jdk-client/4.11.0/selenium-http-jdk-client-4.11.0.jar:/Users/ekaterinakislicenko/.m2/repository/com/google/auto/service/auto-service-annotations/1.0.1/auto-service-annotations-1.0.1.jar:/Users/ekaterinakislicenko/.m2/repository/org/seleniumhq/selenium/selenium-http/4.11.0/selenium-http-4.11.0.jar:/Users/ekaterinakislicenko/.m2/repository/dev/failsafe/failsafe/3.3.1/failsafe-3.3.1.jar:/Users/ekaterinakislicenko/.m2/repository/io/github/bonigarcia/webdrivermanager/5.4.1/webdrivermanager-5.4.1.jar:/Users/ekaterinakislicenko/.m2/repository/org/slf4j/slf4j-api/2.0.7/slf4j-api-2.0.7.jar:/Users/ekaterinakislicenko/.m2/repository/com/google/code/gson/gson/2.10.1/gson-2.10.1.jar:/Users/ekaterinakislicenko/.m2/repository/com/github/docker-java/docker-java/3.3.2/docker-java-3.3.2.jar:/Users/ekaterinakislicenko/.m2/repository/com/github/docker-java/docker-java-core/3.3.2/docker-java-core-3.3.2.jar:/Users/ekaterinakislicenko/.m2/repository/com/github/docker-java/docker-java-api/3.3.2/docker-java-api-3.3.2.jar:/Users/ekaterinakislicenko/.m2/repository/com/fasterxml/jackson/core/jackson-annotations/2.10.3/jackson-annotations-2.10.3.jar:/Users/ekaterinakislicenko/.m2/repository/commons-io/commons-io/2.6/commons-io-2.6.jar:/Users/ekaterinakislicenko/.m2/repository/org/apache/commons/commons-compress/1.21/commons-compress-1.21.jar:/Users/ekaterinakislicenko/.m2/repository/com/fasterxml/jackson/core/jackson-databind/2.10.3/jackson-databind-2.10.3.jar:/Users/ekaterinakislicenko/.m2/repository/com/fasterxml/jackson/core/jackson-core/2.10.3/jackson-core-2.10.3.jar:/Users/ekaterinakislicenko/.m2/repository/org/bouncycastle/bcpkix-jdk15on/1.64/bcpkix-jdk15on-1.64.jar:/Users/ekaterinakislicenko/.m2/repository/org/bouncycastle/bcprov-jdk15on/1.64/bcprov-jdk15on-1.64.jar:/Users/ekaterinakislicenko/.m2/repository/org/slf4j/jcl-over-slf4j/1.7.30/jcl-over-slf4j-1.7.30.jar:/Users/ekaterinakislicenko/.m2/repository/com/github/docker-java/docker-java-transport-httpclient5/3.3.2/docker-java-transport-httpclient5-3.3.2.jar:/Users/ekaterinakislicenko/.m2/repository/com/github/docker-java/docker-java-transport/3.3.2/docker-java-transport-3.3.2.jar:/Users/ekaterinakislicenko/.m2/repository/net/java/dev/jna/jna/5.12.1/jna-5.12.1.jar:/Users/ekaterinakislicenko/.m2/repository/org/brotli/dec/0.1.2/dec-0.1.2.jar:/Users/ekaterinakislicenko/.m2/repository/org/apache/commons/commons-lang3/3.12.0/commons-lang3-3.12.0.jar:/Users/ekaterinakislicenko/.m2/repository/org/apache/httpcomponents/client5/httpclient5/5.2.1/httpclient5-5.2.1.jar:/Users/ekaterinakislicenko/.m2/repository/org/apache/httpcomponents/core5/httpcore5/5.2/httpcore5-5.2.jar:/Users/ekaterinakislicenko/.m2/repository/org/apache/httpcomponents/core5/httpcore5-h2/5.2/httpcore5-h2-5.2.jar:/Users/ekaterinakislicenko/.m2/repository/junit/junit/4.13.2/junit-4.13.2.jar:/Users/ekaterinakislicenko/.m2/repository/org/hamcrest/hamcrest-core/1.3/hamcrest-core-1.3.jar:/Users/ekaterinakislicenko/.m2/repository/io/qameta/allure/allure-junit4/2.24.0/allure-junit4-2.24.0.jar:/Users/ekaterinakislicenko/.m2/repository/io/qameta/allure/allure-java-commons/2.24.0/allure-java-commons-2.24.0.jar:/Users/ekaterinakislicenko/.m2/repository/io/qameta/allure/allure-model/2.24.0/allure-model-2.24.0.jar:/Users/ekaterinakislicenko/.m2/repository/io/qameta/allure/allure-test-filter/2.24.0/allure-test-filter-2.24.0.jar:/Users/ekaterinakislicenko/.m2/repository/io/rest-assured/rest-assured/5.3.0/rest-assured-5.3.0.jar:/Users/ekaterinakislicenko/.m2/repository/org/apache/groovy/groovy/4.0.6/groovy-4.0.6.jar:/Users/ekaterinakislicenko/.m2/repository/org/apache/groovy/groovy-xml/4.0.6/groovy-xml-4.0.6.jar:/Users/ekaterinakislicenko/.m2/repository/org/apache/httpcomponents/httpclient/4.5.13/httpclient-4.5.13.jar:/Users/ekaterinakislicenko/.m2/repository/org/apache/httpcomponents/httpcore/4.4.13/httpcore-4.4.13.jar:/Users/ekaterinakislicenko/.m2/repository/commons-logging/commons-logging/1.2/commons-logging-1.2.jar:/Users/ekaterinakislicenko/.m2/repository/commons-codec/commons-codec/1.11/commons-codec-1.11.jar:/Users/ekaterinakislicenko/.m2/repository/org/apache/httpcomponents/httpmime/4.5.13/httpmime-4.5.13.jar:/Users/ekaterinakislicenko/.m2/repository/org/hamcrest/hamcrest/2.1/hamcrest-2.1.jar:/Users/ekaterinakislicenko/.m2/repository/org/ccil/cowan/tagsoup/tagsoup/1.2.1/tagsoup-1.2.1.jar:/Users/ekaterinakislicenko/.m2/repository/io/rest-assured/json-path/5.3.0/json-path-5.3.0.jar:/Users/ekaterinakislicenko/.m2/repository/org/apache/groovy/groovy-json/4.0.6/groovy-json-4.0.6.jar:/Users/ekaterinakislicenko/.m2/repository/io/rest-assured/rest-assured-common/5.3.0/rest-assured-common-5.3.0.jar:/Users/ekaterinakislicenko/.m2/repository/io/rest-assured/xml-path/5.3.0/xml-path-5.3.0.jar:/Users/ekaterinakislicenko/.m2/repository/com/github/javafaker/javafaker/1.0.2/javafaker-1.0.2.jar:/Users/ekaterinakislicenko/.m2/repository/org/yaml/snakeyaml/1.23/snakeyaml-1.23-android.jar:/Users/ekaterinakislicenko/.m2/repository/com/github/mifmif/generex/1.0.2/generex-1.0.2.jar:/Users/ekaterinakislicenko/.m2/repository/dk/brics/automaton/automaton/1.11-8/automaton-1.11-8.jar:/Users/ekaterinakislicenko/.m2/repository/org/projectlombok/lombok/1.18.26/lombok-1.18.26.jar:/Users/ekaterinakislicenko/.m2/repository/org/testng/testng/7.8.0/testng-7.8.0.jar:/Users/ekaterinakislicenko/.m2/repository/com/beust/jcommander/1.82/jcommander-1.82.jar:/Users/ekaterinakislicenko/.m2/repository/org/webjars/jquery/3.6.1/jquery-3.6.1.jar:"/>
    <property name="allure.results.directory" value="/Users/ekaterinakislicenko/Diplom/Diplom_3/target/allure-results"/>
    <property name="sun.cpu.endian" value="little"/>
    <property name="user.home" value="/Users/ekaterinakislicenko"/>
    <property name="user.language" value="en"/>
    <property name="java.specification.vendor" value="Oracle Corporation"/>
    <property name="java.version.date" value="2023-04-18"/>
    <property name="java.home" value="/Library/Java/JavaVirtualMachines/amazon-corretto-11.jdk/Contents/Home"/>
    <property name="file.separator" value="/"/>
    <property name="basedir" value="/Users/ekaterinakislicenko/Diplom/Diplom_3"/>
    <property name="java.vm.compressedOopsMode" value="Zero based"/>
    <property name="line.separator" value="&#10;"/>
    <property name="java.specification.name" value="Java Platform API Specification"/>
    <property name="java.vm.specification.vendor" value="Oracle Corporation"/>
    <property name="java.awt.graphicsenv" value="sun.awt.CGraphicsEnvironment"/>
    <property name="surefire.real.class.path" value="/Users/ekaterinakislicenko/Diplom/Diplom_3/target/surefire/surefirebooter1881912066157663338.jar"/>
    <property name="sun.management.compiler" value="HotSpot 64-Bit Tiered Compilers"/>
    <property name="ftp.nonProxyHosts" value="local|*.local|169.254/16|*.169.254/16"/>
    <property name="java.runtime.version" value="11.0.19+7-LTS"/>
    <property name="user.name" value="ekaterinakislicenko"/>
    <property name="path.separator" value=":"/>
    <property name="os.version" value="13.1"/>
    <property name="java.runtime.name" value="OpenJDK Runtime Environment"/>
    <property name="file.encoding" value="UTF-8"/>
    <property name="java.vm.name" value="OpenJDK 64-Bit Server VM"/>
    <property name="java.vendor.version" value="Corretto-11.0.19.7.1"/>
    <property name="localRepository" value="/Users/ekaterinakislicenko/.m2/repository"/>
    <property name="java.vendor.url.bug" value="https://github.com/corretto/corretto-11/issues/"/>
    <property name="java.io.tmpdir" value="/var/folders/kd/5mgffgrd3cj79sp9rrdc70kh0000gp/T/"/>
    <property name="java.version" value="11.0.19"/>
    <property name="user.dir" value="/Users/ekaterinakislicenko/Diplom/Diplom_3"/>
    <property name="os.arch" value="x86_64"/>
    <property name="java.vm.specification.name" value="Java Virtual Machine Specification"/>
    <property name="java.awt.printerjob" value="sun.lwawt.macosx.CPrinterJob"/>
    <property name="sun.os.patch.level" value="unknown"/>
    <property name="java.library.path" value="/Users/ekaterinakislicenko/Library/Java/Extensions:/Library/Java/Extensions:/Network/Library/Java/Extensions:/System/Library/Java/Extensions:/usr/lib/java:."/>
    <property name="java.vm.info" value="mixed mode"/>
    <property name="java.vendor" value="Amazon.com Inc."/>
    <property name="java.vm.version" value="11.0.19+7-LTS"/>
    <property name="sun.io.unicode.encoding" value="UnicodeBig"/>
    <property name="java.class.version" value="55.0"/>
    <property name="socksNonProxyHosts" value="local|*.local|169.254/16|*.169.254/16"/>
  </properties>
  <testcase name="goToBreadSectionTest on goToBreadSectionTest(ConstructorWithoutAuthTest)" classname="ConstructorWithoutAuthTest" time="11.313"/>
  <testcase name="goToSauceSectionTest on goToSauceSectionTest(ConstructorWithoutAuthTest)" classname="ConstructorWithoutAuthTest" time="8.276"/>
  <testcase name="goToFillingSectionTest on goToFillingSectionTest(ConstructorWithoutAuthTest)" classname="ConstructorWithoutAuthTest" time="9.743"/>
  <testcase name="registrationWithShortPasswordTest on registrationWithShortPasswordTest(RegistrationTest)" classname="RegistrationTest" time="16.405"/>
  <testcase name="successfulRegistrationTest on successfulRegistrationTest(RegistrationTest)" classname="RegistrationTest" time="12.043"/>
  <testcase name="goToMainPageByLogoButtonTest on goToMainPageByLogoButtonTest(ConstructorWithAuthTest)" classname="ConstructorWithAuthTest" time="14.923"/>
  <testcase name="goToMainPageByConstructorButtonTest on goToMainPageByConstructorButtonTest(ConstructorWithAuthTest)" classname="ConstructorWithAuthTest" time="16.424"/>
  <testcase name="loginFromPasswordRecoveryPageTest on loginFromPasswordRecoveryPageTest(LoginTest)" classname="LoginTest" time="14.492"/>
  <testcase name="loginFromPersonalAccountPageTest on loginFromPersonalAccountPageTest(LoginTest)" classname="LoginTest" time="13.01"/>
  <testcase name="loginFromMainPageTest on loginFromMainPageTest(LoginTest)" classname="LoginTest" time="15.069"/>
  <testcase name="loginFromRegistrationPageTest on loginFromRegistrationPageTest(LoginTest)" classname="LoginTest" time="12.951"/>
  <testcase name="enterToPersonalAccountTest on enterToPersonalAccountTest(PersonalAccountTest)" classname="PersonalAccountTest" time="14.352"/>
  <testcase name="exitAccountByProfileButtonInHeaderTest on exitAccountByProfileButtonInHeaderTest(PersonalAccountTest)" classname="PersonalAccountTest" time="16.451"/>
  <testcase name="exitAccountByProfileURLTest on exitAccountByProfileURLTest(PersonalAccountTest)" classname="PersonalAccountTest" time="12.936">
    <failure message="no such element: Unable to locate element: {&quot;method&quot;:&quot;xpath&quot;,&quot;selector&quot;:&quot;.//button[text() = &apos;Выход&apos;]&quot;}&#10;  (Session info: chrome=119.0.6045.105)&#10;For documentation on this error, please visit: https://www.selenium.dev/documentation/webdriver/troubleshooting/errors#no-such-element-exception&#10;Build info: version: &apos;4.11.0&apos;, revision: &apos;040bc5406b&apos;&#10;System info: os.name: &apos;Mac OS X&apos;, os.arch: &apos;x86_64&apos;, os.version: &apos;13.1&apos;, java.version: &apos;11.0.19&apos;&#10;Driver info: org.openqa.selenium.chrome.ChromeDriver&#10;Command: [20cb2817b5ddb064298665b15fe410a8, findElement {using=xpath, value=.//button[text() = &apos;Выход&apos;]}]&#10;Capabilities {acceptInsecureCerts: false, browserName: chrome, browserVersion: 119.0.6045.105, chrome: {chromedriverVersion: 119.0.6045.105 (38c72552c5e..., userDataDir: /var/folders/kd/5mgffgrd3cj...}, fedcm:accounts: true, goog:chromeOptions: {debuggerAddress: localhost:51030}, networkConnectionEnabled: false, pageLoadStrategy: normal, platformName: mac, proxy: Proxy(), se:cdp: ws://localhost:51030/devtoo..., se:cdpVersion: 119.0.6045.105, setWindowRect: true, strictFileInteractability: false, timeouts: {implicit: 0, pageLoad: 300000, script: 30000}, unhandledPromptBehavior: dismiss and notify, webauthn:extension:credBlob: true, webauthn:extension:largeBlob: true, webauthn:extension:minPinLength: true, webauthn:extension:prf: true, webauthn:virtualAuthenticators: true}&#10;Session ID: 20cb2817b5ddb064298665b15fe410a8" type="org.openqa.selenium.NoSuchElementException">org.openqa.selenium.NoSuchElementException: 
no such element: Unable to locate element: {"method":"xpath","selector":".//button[text() = 'Выход']"}
  (Session info: chrome=119.0.6045.105)
For documentation on this error, please visit: https://www.selenium.dev/documentation/webdriver/troubleshooting/errors#no-such-element-exception
Build info: version: '4.11.0', revision: '040bc5406b'
System info: os.name: 'Mac OS X', os.arch: 'x86_64', os.version: '13.1', java.version: '11.0.19'
Driver info: org.openqa.selenium.chrome.ChromeDriver
Command: [20cb2817b5ddb064298665b15fe410a8, findElement {using=xpath, value=.//button[text() = 'Выход']}]
Capabilities {acceptInsecureCerts: false, browserName: chrome, browserVersion: 119.0.6045.105, chrome: {chromedriverVersion: 119.0.6045.105 (38c72552c5e..., userDataDir: /var/folders/kd/5mgffgrd3cj...}, fedcm:accounts: true, goog:chromeOptions: {debuggerAddress: localhost:51030}, networkConnectionEnabled: false, pageLoadStrategy: normal, platformName: mac, proxy: Proxy(), se:cdp: ws://localhost:51030/devtoo..., se:cdpVersion: 119.0.6045.105, setWindowRect: true, strictFileInteractability: false, timeouts: {implicit: 0, pageLoad: 300000, script: 30000}, unhandledPromptBehavior: dismiss and notify, webauthn:extension:credBlob: true, webauthn:extension:largeBlob: true, webauthn:extension:minPinLength: true, webauthn:extension:prf: true, webauthn:virtualAuthenticators: true}
Session ID: 20cb2817b5ddb064298665b15fe410a8
	at PersonalAccountTest.exitAccountByProfileURLTest(PersonalAccountTest.java:40)
</failure>
    <system-out><![CDATA[Request method:	POST
Request URI:	https://stellarburgers.nomoreparties.site/api/auth/register
Proxy:			<none>
Request params:	<none>
Query params:	<none>
Form params:	<none>
Path params:	<none>
Headers:		Accept=*/*
				Content-Type=application/json
Cookies:		<none>
Multiparts:		<none>
Body:
{
    "email": "gaye.borer@gmail.com",
    "password": "UserAutotestPassword",
    "name": "UserAutotestName"
}
HTTP/1.1 200 OK
Date: Mon, 06 Nov 2023 19:22:08 GMT
Content-Type: application/json; charset=utf-8
Transfer-Encoding: chunked
Connection: keep-alive
X-Powered-By: Express
Access-Control-Allow-Origin: *
authorization: Bearer eyJhbGciOiJIUzI1NiIsInR5cCI6IkpXVCJ9.eyJpZCI6IjY1NDkzY2UwOWVkMjgwMDAxYjM3Y2RlMyIsImlhdCI6MTY5OTI5ODUyOCwiZXhwIjoxNjk5Mjk5NzI4fQ.93cEm4uQKUKRz05VT3a8p3k67BWjJx6sKOaHO_NM1NU
ETag: W/"177-Rz1094BWn1zyvYtaggQmeQ9IOO0"
CF-Cache-Status: DYNAMIC
Report-To: {"endpoints":[{"url":"https:\/\/a.nel.cloudflare.com\/report\/v3?s=Kzw%2FHbcSG%2Bzabuiz7V4sqdQb5laUZBxnNMuxJ3X3AKV0da9xYffpsP%2BanyZOidwNS83IeiCzTLIOy51AQjribZ6N4OFUWhKRi6DPW%2FC4QnZ3MIF1jqKfmHtCFVl3s6F1wXzLJ3SLMljx3Wt%2B%2BgEoFsizAk4%3D"}],"group":"cf-nel","max_age":604800}
NEL: {"success_fraction":0,"report_to":"cf-nel","max_age":604800}
Server: cloudflare
CF-RAY: 821fb41c1f546ada-LCA
Content-Encoding: gzip
alt-svc: h3=":443"; ma=86400

{
    "success": true,
    "user": {
        "email": "gaye.borer@gmail.com",
        "name": "UserAutotestName"
    },
    "accessToken": "Bearer eyJhbGciOiJIUzI1NiIsInR5cCI6IkpXVCJ9.eyJpZCI6IjY1NDkzY2UwOWVkMjgwMDAxYjM3Y2RlMyIsImlhdCI6MTY5OTI5ODUyOCwiZXhwIjoxNjk5Mjk5NzI4fQ.93cEm4uQKUKRz05VT3a8p3k67BWjJx6sKOaHO_NM1NU",
    "refreshToken": "dbc060381bfcc61c7a16b6678797c1eebcd633fbf35c7355244c393fe5147966956077d0acd7da77"
}
]]></system-out>
    <system-err><![CDATA[Nov 06, 2023 9:22:08 PM org.openqa.selenium.devtools.CdpVersionFinder findNearestMatch
WARNING: Unable to find an exact match for CDP version 119, so returning the closest version found: 115
]]></system-err>
  </testcase>
</testsuite>