<?xml version="1.0" encoding="UTF-8"?>
<!-- Generated by org.testng.reporters.JUnitReportReporter -->
<testsuite hostname="MacBook-Air" failures="0" tests="3" name="ConstructorWithoutAuthTest" time="60.269" errors="0" timestamp="2023-11-06T21:22:17 EET" skipped="0">
  <testcase classname="ConstructorWithoutAuthTest" name="goToFillingSectionTest" time="29.351"/>
  <testcase classname="ConstructorWithoutAuthTest" name="goToBreadSectionTest" time="11.310"/>
  <testcase classname="ConstructorWithoutAuthTest" name="goToSauceSectionTest" time="19.608"/>
</testsuite> <!-- ConstructorWithoutAuthTest -->
