<?xml version="1.0" encoding="UTF-8"?>
<!-- Generated by org.testng.reporters.JUnitReportReporter -->
<testsuite hostname="MacBook-Air" failures="0" tests="4" name="LoginTest" time="140.089" errors="0" timestamp="2023-11-06T21:22:17 EET" skipped="0">
  <testcase classname="LoginTest" name="loginFromPersonalAccountPageTest" time="27.502"/>
  <testcase classname="LoginTest" name="loginFromRegistrationPageTest" time="55.524"/>
  <testcase classname="LoginTest" name="loginFromPasswordRecoveryPageTest" time="14.491"/>
  <testcase classname="LoginTest" name="loginFromMainPageTest" time="42.572"/>
</testsuite> <!-- LoginTest -->
