<?xml version="1.0" encoding="UTF-8"?>
<!-- Generated by org.testng.reporters.JUnitReportReporter -->
<testsuite hostname="MacBook-Air" failures="0" tests="2" name="ConstructorWithAuthTest" time="46.269" errors="0" timestamp="2023-11-06T21:22:17 EET" skipped="0">
  <testcase classname="ConstructorWithAuthTest" name="goToMainPageByLogoButtonTest" time="14.923"/>
  <testcase classname="ConstructorWithAuthTest" name="goToMainPageByConstructorButtonTest" time="31.346"/>
</testsuite> <!-- ConstructorWithAuthTest -->
