<?xml version="1.0" encoding="UTF-8"?>
<!-- Generated by org.testng.reporters.JUnitReportReporter -->
<testsuite hostname="MacBook-Air" failures="0" tests="2" name="RegistrationTest" time="44.852" errors="0" timestamp="2023-11-06T21:22:17 EET" skipped="0">
  <testcase classname="RegistrationTest" name="registrationWithShortPasswordTest" time="16.404"/>
  <testcase classname="RegistrationTest" name="successfulRegistrationTest" time="28.448"/>
</testsuite> <!-- RegistrationTest -->
